Android/BodyMedia/sensors_mobile/build/outputs/logs/manifest-merger-debug-report.txt
-- Merging decision tree log ---
manifest
ADDED from BodyMedia App\sensors_mobile\AndroidManifest.xml:2:1-76:12
	package
		ADDED from BodyMedia App\sensors_mobile\AndroidManifest.xml:3:5-37
		INJECTED from BodyMedia App\sensors_mobile\AndroidManifest.xml
		INJECTED from BodyMedia App\sensors_mobile\AndroidManifest.xml
	android:versionName
		ADDED from BodyMedia App\sensors_mobile\AndroidManifest.xml:5:5-50
		INJECTED from BodyMedia App\sensors_mobile\AndroidManifest.xml
		INJECTED from BodyMedia App\sensors_mobile\AndroidManifest.xml
	android:versionCode
		ADDED from BodyMedia App\sensors_mobile\AndroidManifest.xml:4:5-28
		INJECTED from BodyMedia App\sensors_mobile\AndroidManifest.xml
		INJECTED from BodyMedia App\sensors_mobile\AndroidManifest.xml
	xmlns:android
		ADDED from BodyMedia App\sensors_mobile\AndroidManifest.xml:2:11-69
uses-sdk
ADDED from BodyMedia App\sensors_mobile\AndroidManifest.xml:7:5-9:41
MERGED from [com.android.support:support-v4:21.0.3] AndroidManifest.xml:15:5-42
	android:targetSdkVersion
		ADDED from BodyMedia App\sensors_mobile\AndroidManifest.xml:9:9-38
		INJECTED from BodyMedia App\sensors_mobile\AndroidManifest.xml
		INJECTED from BodyMedia App\sensors_mobile\AndroidManifest.xml
	android:minSdkVersion
		ADDED from BodyMedia App\sensors_mobile\AndroidManifest.xml:8:9-35
		INJECTED from BodyMedia App\sensors_mobile\AndroidManifest.xml
		INJECTED from BodyMedia App\sensors_mobile\AndroidManifest.xml
uses-permission#android.permission.BLUETOOTH
ADDED from BodyMedia App\sensors_mobile\AndroidManifest.xml:12:5-68
	android:name
		ADDED from BodyMedia App\sensors_mobile\AndroidManifest.xml:12:22-65
uses-permission#android.permission.BLUETOOTH_ADMIN
ADDED from BodyMedia App\sensors_mobile\AndroidManifest.xml:13:5-74
	android:name
		ADDED from BodyMedia App\sensors_mobile\AndroidManifest.xml:13:22-71
uses-permission#android.permission.INTERNET
ADDED from BodyMedia App\sensors_mobile\AndroidManifest.xml:15:5-67
	android:name
		ADDED from BodyMedia App\sensors_mobile\AndroidManifest.xml:15:22-64
uses-permission#android.permission.ACCESS_NETWORK_STATE
ADDED from BodyMedia App\sensors_mobile\AndroidManifest.xml:16:5-79
	android:name
		ADDED from BodyMedia App\sensors_mobile\AndroidManifest.xml:16:22-76
uses-permission#android.permission.ACCESS_WIFI_STATE
ADDED from BodyMedia App\sensors_mobile\AndroidManifest.xml:17:5-76
	android:name
		ADDED from BodyMedia App\sensors_mobile\AndroidManifest.xml:17:22-73
uses-permission#android.permission.CHANGE_WIFI_STATE
ADDED from BodyMedia App\sensors_mobile\AndroidManifest.xml:18:5-76
	android:name
		ADDED from BodyMedia App\sensors_mobile\AndroidManifest.xml:18:22-73
uses-permission#android.permission.READ_LOGS
ADDED from BodyMedia App\sensors_mobile\AndroidManifest.xml:21:5-68
	android:name
		ADDED from BodyMedia App\sensors_mobile\AndroidManifest.xml:21:22-65
uses-permission#android.permission.WRITE_EXTERNAL_STORAGE
ADDED from BodyMedia App\sensors_mobile\AndroidManifest.xml:22:5-81
	android:name
		ADDED from BodyMedia App\sensors_mobile\AndroidManifest.xml:22:22-78
uses-permission#android.permission.READ_EXTERNAL_STORAGE
ADDED from BodyMedia App\sensors_mobile\AndroidManifest.xml:23:5-80
	android:name
		ADDED from BodyMedia App\sensors_mobile\AndroidManifest.xml:23:22-77
uses-permission#android.permission.DISABLE_KEYGUARD
ADDED from BodyMedia App\sensors_mobile\AndroidManifest.xml:25:5-75
	android:name
		ADDED from BodyMedia App\sensors_mobile\AndroidManifest.xml:25:22-72
uses-permission#android.permission.WAKE_LOCK
ADDED from BodyMedia App\sensors_mobile\AndroidManifest.xml:26:5-68
	android:name
		ADDED from BodyMedia App\sensors_mobile\AndroidManifest.xml:26:22-65
uses-permission#android.permission.CALL_PHONE
ADDED from BodyMedia App\sensors_mobile\AndroidManifest.xml:27:5-68
	android:name
		ADDED from BodyMedia App\sensors_mobile\AndroidManifest.xml:27:22-66
uses-permission#android.permission.SYSTEM_ALERT_WINDOW
ADDED from BodyMedia App\sensors_mobile\AndroidManifest.xml:28:5-77
	android:name
		ADDED from BodyMedia App\sensors_mobile\AndroidManifest.xml:28:22-75
uses-feature#android.hardware.bluetooth_le
ADDED from BodyMedia App\sensors_mobile\AndroidManifest.xml:31:5-33:35
	android:required
		ADDED from BodyMedia App\sensors_mobile\AndroidManifest.xml:33:9-32
	android:name
		ADDED from BodyMedia App\sensors_mobile\AndroidManifest.xml:32:9-53
uses-feature#android.hardware.usb.host
ADDED from BodyMedia App\sensors_mobile\AndroidManifest.xml:34:5-62
	android:name
		ADDED from BodyMedia App\sensors_mobile\AndroidManifest.xml:34:19-59
application
ADDED from BodyMedia App\sensors_mobile\AndroidManifest.xml:36:5-74:19
MERGED from [com.android.support:support-v4:21.0.3] AndroidManifest.xml:16:5-19
	android:sharedUserId
		ADDED from BodyMedia App\sensors_mobile\AndroidManifest.xml:37:9-50
	android:label
		ADDED from BodyMedia App\sensors_mobile\AndroidManifest.xml:40:9-41
	android:allowBackup
		ADDED from BodyMedia App\sensors_mobile\AndroidManifest.xml:38:9-35
	android:icon
		ADDED from BodyMedia App\sensors_mobile\AndroidManifest.xml:39:9-45
	android:theme
		ADDED from BodyMedia App\sensors_mobile\AndroidManifest.xml:41:9-40
	android:name
		ADDED from BodyMedia App\sensors_mobile\AndroidManifest.xml:42:9-48
activity#com.sensors.mobile.app.BM.MainActivityBM
ADDED from BodyMedia App\sensors_mobile\AndroidManifest.xml:49:9-59:20
	android:screenOrientation
		ADDED from BodyMedia App\sensors_mobile\AndroidManifest.xml:53:13-49
	android:label
		ADDED from BodyMedia App\sensors_mobile\AndroidManifest.xml:51:13-38
	android:configChanges
		ADDED from BodyMedia App\sensors_mobile\AndroidManifest.xml:52:13-74
	android:name
		ADDED from BodyMedia App\sensors_mobile\AndroidManifest.xml:50:13-46
intent-filter#android.intent.action.MAIN+android.intent.category.LAUNCHER
ADDED from BodyMedia App\sensors_mobile\AndroidManifest.xml:54:13-57:29
action#android.intent.action.MAIN
ADDED from BodyMedia App\sensors_mobile\AndroidManifest.xml:55:17-69
	android:name
		ADDED from BodyMedia App\sensors_mobile\AndroidManifest.xml:55:25-66
category#android.intent.category.LAUNCHER
ADDED from BodyMedia App\sensors_mobile\AndroidManifest.xml:56:17-77
	android:name
		ADDED from BodyMedia App\sensors_mobile\AndroidManifest.xml:56:27-74
service#com.sensors.mobile.app.BM.BGService
ADDED from BodyMedia App\sensors_mobile\AndroidManifest.xml:62:9-64:43
	android:exported
		ADDED from BodyMedia App\sensors_mobile\AndroidManifest.xml:64:17-40
	android:name
		ADDED from BodyMedia App\sensors_mobile\AndroidManifest.xml:63:17-67
activity#com.sensors.mobile.app.BM.ConnectionDialog
ADDED from BodyMedia App\sensors_mobile\AndroidManifest.xml:66:9-71:20
	android:screenOrientation
		ADDED from BodyMedia App\sensors_mobile\AndroidManifest.xml:70:17-54
	android:label
		ADDED from BodyMedia App\sensors_mobile\AndroidManifest.xml:68:17-55
	android:configChanges
		ADDED from BodyMedia App\sensors_mobile\AndroidManifest.xml:69:17-78
	android:name
		ADDED from BodyMedia App\sensors_mobile\AndroidManifest.xml:67:17-74